<?xml version="1.0" encoding="UTF-8"?>
<testng-results skipped="0" failed="0" ignored="0" total="2" passed="2">
  <reporter-output>
  </reporter-output>
  <suite name="Default suite" duration-ms="22699" started-at="2021-05-03T12:26:47 IST" finished-at="2021-05-03T12:27:10 IST">
    <groups>
      <group name="cucumber">
        <method signature="AbstractTestNGCucumberTests.runScenario(io.cucumber.testng.PickleEventWrapper, io.cucumber.testng.CucumberFeatureWrapper)[pri:0, instance:Runner.TestRunner@769f71a9]" name="runScenario" class="io.cucumber.testng.AbstractTestNGCucumberTests"/>
      </group> <!-- cucumber -->
    </groups>
    <test name="Default test" duration-ms="22699" started-at="2021-05-03T12:26:47 IST" finished-at="2021-05-03T12:27:10 IST">
      <class name="Runner.TestRunner">
        <test-method status="PASS" signature="setUpClass()[pri:0, instance:Runner.TestRunner@769f71a9]" name="setUpClass" is-config="true" duration-ms="311" started-at="2021-05-03T12:26:47 IST" finished-at="2021-05-03T12:26:48 IST">
          <reporter-output>
          </reporter-output>
        </test-method> <!-- setUpClass -->
        <test-method status="PASS" signature="runScenario(io.cucumber.testng.PickleEventWrapper, io.cucumber.testng.CucumberFeatureWrapper)[pri:0, instance:Runner.TestRunner@769f71a9]" name="runScenario" duration-ms="20434" started-at="2021-05-03T12:26:48 IST" description="Runs Cucumber Scenarios" data-provider="scenarios" finished-at="2021-05-03T12:27:08 IST">
          <params>
            <param index="0">
              <value>
                <![CDATA["Check login is successful with credentials"]]>
              </value>
            </param>
            <param index="1">
              <value>
                <![CDATA["Test Background Feature"]]>
              </value>
            </param>
          </params>
          <reporter-output>
          </reporter-output>
        </test-method> <!-- runScenario -->
        <test-method status="PASS" signature="runScenario(io.cucumber.testng.PickleEventWrapper, io.cucumber.testng.CucumberFeatureWrapper)[pri:0, instance:Runner.TestRunner@769f71a9]" name="runScenario" duration-ms="738" started-at="2021-05-03T12:27:09 IST" description="Runs Cucumber Scenarios" data-provider="scenarios" finished-at="2021-05-03T12:27:10 IST">
          <params>
            <param index="0">
              <value>
                <![CDATA["Check login is successful with credentials"]]>
              </value>
            </param>
            <param index="1">
              <value>
                <![CDATA["Test Background Feature"]]>
              </value>
            </param>
          </params>
          <reporter-output>
          </reporter-output>
        </test-method> <!-- runScenario -->
        <test-method status="PASS" signature="tearDownClass()[pri:0, instance:Runner.TestRunner@769f71a9]" name="tearDownClass" is-config="true" duration-ms="4" started-at="2021-05-03T12:27:10 IST" finished-at="2021-05-03T12:27:10 IST">
          <reporter-output>
          </reporter-output>
        </test-method> <!-- tearDownClass -->
      </class> <!-- Runner.TestRunner -->
    </test> <!-- Default test -->
  </suite> <!-- Default suite -->
</testng-results>
